7237731581,xiaoming6917,35,1
5232646208,lilei6263,16,1
5003171133,hanmeimei103,18,0
5184896612,xiaoming2078,33,1
5619259784,xiaoming6927,10,0
5401463486,lilei1926,33,0
7683030232,xiaoming2911,10,0
5269491441,lilei9855,12,0
3234603947,hanmeimei6135,34,0
6535074292,lilei5868,14,1
9231343608,lilei5755,11,1
3188256461,lilei4882,14,1
2011528680,hanmeimei6577,17,0
3781112089,xiaoming2807,45,1
3888896971,lilei9040,35,1
0651364137,lilei4548,22,1
6817828051,xiaoming6291,40,0
9596510111,hanmeimei4723,46,1
4805825107,xiaoming2052,18,0
6697833999,hanmeimei9171,28,0
3945124879,hanmeimei8226,45,0
9236952126,hanmeimei7744,17,0
4274131677,lilei9500,31,0
3348281457,xiaoming444,39,1
7723996459,lilei8068,48,1
9981029762,xiaoming1962,45,1
5059979724,lilei7694,26,1
4402522821,xiaoming398,47,0
2150835240,hanmeimei9007,25,1
8380090801,lilei6191,17,0
4548269895,xiaoming9806,43,0
5278975191,lilei69,12,0
0454932589,hanmeimei9303,40,0
4000274128,lilei6764,46,0
0195136022,hanmeimei7332,33,1
5035279597,xiaoming5423,12,0
9632277885,hanmeimei4403,35,1
6126557438,hanmeimei8910,42,1
5359402571,lilei8323,19,1
0198385079,xiaoming3178,16,0
0350278456,hanmeimei1143,18,1
0004183306,lilei7876,29,1
6135660312,xiaoming8386,49,0
5513179829,lilei6018,39,0
5282130579,hanmeimei5050,37,1
0475769793,lilei4731,15,1
8712582820,xiaoming8727,27,1
9650383119,hanmeimei7095,32,1
1873459481,hanmeimei8209,11,0
6123914387,hanmeimei5856,47,1
6563292390,lilei9174,48,0
2839243000,lilei6868,43,1
2492904451,xiaoming3105,36,1
0876517501,xiaoming3697,44,0
0623147879,xiaoming1109,47,0
6731574905,xiaoming2391,15,1
3247915164,xiaoming9297,39,0
4966436912,xiaoming1611,23,1
4678080895,lilei6649,40,1
8479462538,lilei8127,44,0
9355575022,lilei3524,12,0
0968797973,xiaoming4667,38,1
8637920454,lilei2601,27,1
1988720450,hanmeimei7752,41,1
1177503500,xiaoming7490,18,0
8226510268,hanmeimei7664,18,1
1904810166,lilei9929,38,1
0444403851,hanmeimei592,39,1
9411345228,hanmeimei3966,17,1
5407974290,hanmeimei9319,17,0
6988033122,xiaoming8400,42,0
6838886624,lilei4645,35,0
0336443507,hanmeimei2576,24,1
2322962490,xiaoming317,11,0
3569078661,hanmeimei7890,46,0
0534289257,xiaoming964,15,1
0397512550,hanmeimei2444,23,1
6134758266,hanmeimei7888,24,1
0860671880,xiaoming6902,18,0
2888934774,xiaoming9418,49,1
0272952558,lilei2056,45,0
6527330607,lilei8989,22,1
4653585919,xiaoming9967,44,1
2861329604,lilei7013,16,1
7796260821,xiaoming1705,10,0
3490952862,hanmeimei370,47,1
5389922431,hanmeimei7942,45,0
0433283312,hanmeimei5203,45,1
0544802052,lilei2566,37,0
6153765333,hanmeimei1996,40,1
0802245801,lilei3741,20,0
9077009741,xiaoming1777,23,1
6309816907,xiaoming6770,46,1
6032766545,lilei4057,10,1
6153707723,lilei556,49,0
2649360022,lilei5708,29,1
3309959904,hanmeimei7189,28,1
1493330652,hanmeimei1270,37,1
1011185364,lilei9240,10,0
5728590735,hanmeimei1426,15,0
